TN:
SF:db.js
FN:5,(anonymous_0)
FN:6,(anonymous_1)
FNF:2
FNH:1
FNDA:1,(anonymous_0)
FNDA:0,(anonymous_1)
DA:1,1
DA:2,1
DA:3,1
DA:4,1
DA:5,1
DA:6,0
LF:6
LH:5
BRF:0
BRH:0
end_of_record
TN:
SF:server.js
FN:21,(anonymous_0)
FNF:1
FNH:1
FNDA:1,(anonymous_0)
DA:1,1
DA:2,1
DA:3,1
DA:4,1
DA:5,1
DA:6,1
DA:7,1
DA:8,1
DA:9,1
DA:10,1
DA:12,1
DA:13,1
DA:14,1
DA:15,1
DA:16,1
DA:17,1
DA:18,1
DA:19,1
DA:20,1
DA:21,1
DA:22,1
DA:24,1
LF:22
LH:22
BRDA:4,0,0,1
BRDA:4,0,1,1
BRF:2
BRH:2
end_of_record
TN:
SF:Controller\mailer.js
FN:53,(anonymous_0)
FN:111,(anonymous_1)
FNF:2
FNH:0
FNDA:0,(anonymous_0)
FNDA:0,(anonymous_1)
DA:1,1
DA:3,1
DA:5,1
DA:7,1
DA:11,1
DA:33,1
DA:37,1
DA:53,1
DA:57,0
DA:65,0
DA:76,0
DA:79,0
DA:85,0
DA:87,0
DA:88,0
DA:89,0
DA:97,0
DA:111,1
DA:115,0
DA:123,0
DA:139,0
DA:143,0
DA:159,0
DA:161,0
DA:163,0
DA:171,0
DA:181,1
LF:27
LH:10
BRF:0
BRH:0
end_of_record
TN:
SF:Controller\pageController.js
FN:5,(anonymous_0)
FN:17,(anonymous_1)
FN:28,(anonymous_2)
FN:39,(anonymous_3)
FN:50,(anonymous_4)
FNF:5
FNH:3
FNDA:0,(anonymous_0)
FNDA:0,(anonymous_1)
FNDA:1,(anonymous_2)
FNDA:1,(anonymous_3)
FNDA:1,(anonymous_4)
DA:2,1
DA:5,1
DA:6,0
DA:8,0
DA:9,0
DA:13,0
DA:17,1
DA:18,0
DA:19,0
DA:20,0
DA:23,0
DA:28,1
DA:29,1
DA:30,1
DA:31,1
DA:32,1
DA:35,0
DA:39,1
DA:40,1
DA:41,1
DA:42,1
DA:43,1
DA:44,1
DA:46,0
DA:50,1
DA:51,1
DA:52,1
DA:53,1
DA:55,1
DA:56,1
DA:57,1
DA:59,0
DA:62,1
LF:33
LH:22
BRF:0
BRH:0
end_of_record
TN:
SF:Controller\templateController.js
FN:7,(anonymous_0)
FN:11,(anonymous_1)
FN:15,(anonymous_2)
FN:24,(anonymous_3)
FN:34,(anonymous_4)
FNF:5
FNH:3
FNDA:1,(anonymous_0)
FNDA:0,(anonymous_1)
FNDA:0,(anonymous_2)
FNDA:1,(anonymous_3)
FNDA:1,(anonymous_4)
DA:1,1
DA:2,1
DA:3,1
DA:4,1
DA:5,1
DA:7,1
DA:8,1
DA:9,1
DA:11,1
DA:12,0
DA:14,0
DA:16,0
DA:17,0
DA:18,0
DA:19,0
DA:22,0
DA:24,1
DA:25,1
DA:26,1
DA:27,1
DA:28,1
DA:30,0
DA:34,1
DA:35,1
DA:36,1
DA:37,1
DA:38,1
DA:43,1
DA:45,0
DA:49,1
LF:30
LH:21
BRF:0
BRH:0
end_of_record
TN:
SF:Controller\userController.js
FN:10,verifyUser
FN:27,register
FN:51,login
FN:80,getuser
FN:96,logout
FNF:5
FNH:3
FNDA:0,verifyUser
FNDA:3,register
FNDA:3,login
FNDA:1,getuser
FNDA:0,logout
DA:1,1
DA:2,1
DA:3,1
DA:4,1
DA:5,1
DA:6,1
DA:7,1
DA:8,1
DA:9,1
DA:11,0
DA:12,0
DA:13,0
DA:14,0
DA:17,0
DA:18,0
DA:22,0
DA:23,0
DA:28,3
DA:29,3
DA:30,3
DA:31,1
DA:32,2
DA:35,2
DA:36,1
DA:39,1
DA:44,1
DA:45,1
DA:46,1
DA:48,0
DA:52,3
DA:53,3
DA:54,0
DA:55,3
DA:56,3
DA:57,1
DA:58,1
DA:59,0
DA:61,1
DA:69,1
DA:75,2
DA:82,1
DA:84,1
DA:85,1
DA:86,1
DA:87,1
DA:88,0
DA:89,1
DA:92,0
DA:97,0
DA:199,1
LF:50
LH:36
BRDA:13,0,0,0
BRDA:13,0,1,0
BRDA:30,1,0,1
BRDA:30,1,1,2
BRDA:30,2,0,3
BRDA:30,2,1,3
BRDA:30,2,2,2
BRDA:35,3,0,1
BRDA:35,3,1,1
BRDA:53,4,0,0
BRDA:53,4,1,3
BRDA:53,5,0,3
BRDA:53,5,1,3
BRDA:56,6,0,1
BRDA:56,6,1,2
BRDA:58,7,0,0
BRDA:58,7,1,1
BRDA:85,8,0,0
BRDA:85,8,1,1
BRDA:87,9,0,0
BRDA:87,9,1,1
BRF:21
BRH:15
end_of_record
TN:
SF:Model\templateModel.js
FNF:0
FNH:0
DA:1,1
DA:2,1
DA:4,1
DA:20,1
LF:4
LH:4
BRF:0
BRH:0
end_of_record
TN:
SF:Model\userModel.js
FNF:0
FNH:0
DA:1,1
DA:3,1
DA:25,1
LF:3
LH:3
BRF:0
BRH:0
end_of_record
TN:
SF:Model\websiteModel.js
FNF:0
FNH:0
DA:1,1
DA:2,1
DA:4,1
DA:26,1
LF:4
LH:4
BRF:0
BRH:0
end_of_record
TN:
SF:Router\pageRoute.js
FNF:0
FNH:0
DA:1,1
DA:2,1
DA:3,1
DA:4,1
DA:6,1
DA:8,1
DA:10,1
DA:13,1
DA:15,1
DA:16,1
LF:10
LH:10
BRF:0
BRH:0
end_of_record
TN:
SF:Router\templateRoute.js
FN:12,(anonymous_0)
FN:21,(anonymous_1)
FNF:2
FNH:2
FNDA:1,(anonymous_0)
FNDA:1,(anonymous_1)
DA:1,1
DA:2,1
DA:3,1
DA:4,1
DA:5,1
DA:6,1
DA:7,1
DA:9,1
DA:13,1
DA:20,1
DA:21,1
DA:22,1
DA:23,1
DA:24,1
DA:25,1
DA:26,1
DA:27,1
DA:29,0
DA:32,1
DA:34,1
DA:35,1
DA:36,1
LF:22
LH:21
BRF:0
BRH:0
end_of_record
TN:
SF:Router\userRoute.js
FNF:0
FNH:0
DA:2,1
DA:3,1
DA:4,1
DA:5,1
DA:6,1
DA:9,1
DA:12,1
DA:15,1
DA:19,1
DA:20,1
DA:26,1
LF:11
LH:11
BRF:0
BRH:0
end_of_record
TN:
SF:middleware\auth.js
FN:4,Auth
FN:23,localVeriables
FNF:2
FNH:0
FNDA:0,Auth
FNDA:0,localVeriables
DA:1,1
DA:2,1
DA:5,0
DA:6,0
DA:7,0
DA:8,0
DA:11,0
DA:13,0
DA:14,0
DA:18,0
DA:19,0
DA:24,0
DA:28,0
DA:31,1
LF:14
LH:3
BRDA:7,0,0,0
BRDA:7,0,1,0
BRF:2
BRH:0
end_of_record
