TN:
SF:db.js
FN:5,(anonymous_0)
FN:6,(anonymous_1)
FNF:2
FNH:1
FNDA:1,(anonymous_0)
FNDA:0,(anonymous_1)
DA:1,1
DA:2,1
DA:3,1
DA:4,1
DA:5,1
DA:6,0
LF:6
LH:5
BRF:0
BRH:0
end_of_record
TN:
SF:server.js
FN:21,(anonymous_0)
FNF:1
FNH:1
FNDA:1,(anonymous_0)
DA:1,1
DA:2,1
DA:3,1
DA:4,1
DA:5,1
DA:6,1
DA:7,1
DA:8,1
DA:9,1
DA:10,1
DA:12,1
DA:13,1
DA:14,1
DA:15,1
DA:16,1
DA:17,1
DA:18,1
DA:19,1
DA:20,1
DA:21,1
DA:22,1
DA:24,1
LF:22
LH:22
BRDA:4,0,0,1
BRDA:4,0,1,1
BRF:2
BRH:2
end_of_record
TN:
SF:Controller\mailer.js
FN:53,(anonymous_0)
FN:111,(anonymous_1)
FNF:2
FNH:0
FNDA:0,(anonymous_0)
FNDA:0,(anonymous_1)
DA:1,1
DA:3,1
DA:5,1
DA:7,1
DA:11,1
DA:33,1
DA:37,1
DA:53,1
DA:57,0
DA:65,0
DA:76,0
DA:79,0
DA:85,0
DA:87,0
DA:88,0
DA:89,0
DA:97,0
DA:111,1
DA:115,0
DA:123,0
DA:139,0
DA:143,0
DA:159,0
DA:161,0
DA:163,0
DA:171,0
DA:181,1
LF:27
LH:10
BRF:0
BRH:0
end_of_record
TN:
SF:Controller\pageController.js
FN:5,(anonymous_0)
FN:17,(anonymous_1)
FN:28,(anonymous_2)
FN:39,(anonymous_3)
FN:50,(anonymous_4)
FNF:5
FNH:3
FNDA:0,(anonymous_0)
FNDA:0,(anonymous_1)
FNDA:1,(anonymous_2)
FNDA:1,(anonymous_3)
FNDA:1,(anonymous_4)
DA:2,1
DA:5,1
DA:6,0
DA:8,0
DA:9,0
DA:13,0
DA:17,1
DA:18,0
DA:19,0
DA:20,0
DA:23,0
DA:28,1
DA:29,1
DA:30,1
DA:31,1
DA:32,1
DA:35,0
DA:39,1
DA:40,1
DA:41,1
DA:42,1
DA:43,1
DA:44,1
DA:46,0
DA:50,1
DA:51,1
DA:52,1
DA:53,1
DA:55,1
DA:56,1
DA:57,1
DA:59,0
DA:62,1
LF:33
LH:22
BRF:0
BRH:0
end_of_record
TN:
SF:Controller\templateController.js
FN:9,(anonymous_0)
FN:13,(anonymous_1)
FN:22,(anonymous_2)
FN:33,(anonymous_3)
FN:43,(anonymous_4)
FN:59,(anonymous_5)
FN:62,(anonymous_6)
FN:72,(anonymous_7)
FNF:8
FNH:3
FNDA:1,(anonymous_0)
FNDA:0,(anonymous_1)
FNDA:0,(anonymous_2)
FNDA:1,(anonymous_3)
FNDA:1,(anonymous_4)
FNDA:0,(anonymous_5)
FNDA:0,(anonymous_6)
FNDA:0,(anonymous_7)
DA:1,1
DA:2,1
DA:3,1
DA:4,1
DA:5,1
DA:6,1
DA:7,1
DA:9,1
DA:10,1
DA:11,1
DA:13,1
DA:15,0
DA:16,0
DA:17,0
DA:18,0
DA:19,0
DA:20,0
DA:21,0
DA:23,0
DA:24,0
DA:25,0
DA:26,0
DA:29,0
DA:33,1
DA:34,1
DA:35,1
DA:36,1
DA:37,1
DA:39,0
DA:43,1
DA:44,1
DA:45,1
DA:46,1
DA:47,1
DA:52,1
DA:54,0
DA:59,1
DA:60,0
DA:61,0
DA:63,0
DA:64,0
DA:65,0
DA:66,0
DA:70,0
DA:72,1
DA:73,0
DA:74,0
DA:75,0
DA:76,0
DA:79,0
DA:83,1
LF:51
LH:25
BRF:0
BRH:0
end_of_record
TN:
SF:Controller\userController.js
FN:11,verifyUser
FN:27,check
FN:32,register
FN:56,login
FN:88,getuser
FN:101,logout
FN:126,generateOTP
FN:145,verifyOTP
FN:200,forgotPassword
FN:208,(anonymous_9)
FN:212,(anonymous_10)
FN:217,(anonymous_11)
FN:225,(anonymous_12)
FN:230,(anonymous_13)
FNF:14
FNH:3
FNDA:0,verifyUser
FNDA:0,check
FNDA:3,register
FNDA:3,login
FNDA:1,getuser
FNDA:0,logout
FNDA:0,generateOTP
FNDA:0,verifyOTP
FNDA:0,forgotPassword
FNDA:0,(anonymous_9)
FNDA:0,(anonymous_10)
FNDA:0,(anonymous_11)
FNDA:0,(anonymous_12)
FNDA:0,(anonymous_13)
DA:1,1
DA:2,1
DA:3,1
DA:4,1
DA:5,1
DA:6,1
DA:7,1
DA:8,1
DA:9,1
DA:12,0
DA:14,0
DA:15,0
DA:16,0
DA:18,0
DA:19,0
DA:22,0
DA:23,0
DA:28,0
DA:29,0
DA:33,3
DA:34,3
DA:35,3
DA:36,1
DA:37,2
DA:40,2
DA:41,1
DA:44,1
DA:49,1
DA:50,1
DA:51,1
DA:53,0
DA:57,3
DA:58,3
DA:59,0
DA:60,3
DA:61,3
DA:62,1
DA:66,1
DA:67,0
DA:69,1
DA:78,1
DA:84,2
DA:89,1
DA:91,1
DA:92,1
DA:93,1
DA:94,1
DA:95,1
DA:97,0
DA:102,0
DA:127,0
DA:128,0
DA:133,0
DA:134,0
DA:135,0
DA:136,0
DA:137,0
DA:140,0
DA:146,0
DA:147,0
DA:148,0
DA:149,0
DA:150,0
DA:152,0
DA:201,0
DA:203,0
DA:204,0
DA:205,0
DA:206,0
DA:209,0
DA:213,0
DA:218,0
DA:220,0
DA:226,0
DA:231,0
DA:234,0
DA:237,0
DA:241,1
LF:78
LH:36
BRDA:15,0,0,0
BRDA:15,0,1,0
BRDA:35,1,0,1
BRDA:35,1,1,2
BRDA:35,2,0,3
BRDA:35,2,1,3
BRDA:35,2,2,2
BRDA:40,3,0,1
BRDA:40,3,1,1
BRDA:58,4,0,0
BRDA:58,4,1,3
BRDA:58,5,0,3
BRDA:58,5,1,3
BRDA:61,6,0,1
BRDA:61,6,1,2
BRDA:66,7,0,0
BRDA:66,7,1,1
BRDA:92,8,0,0
BRDA:92,8,1,1
BRDA:94,9,0,0
BRDA:94,9,1,1
BRDA:147,10,0,0
BRDA:147,10,1,0
BRDA:218,11,0,0
BRDA:218,11,1,0
BRF:25
BRH:15
end_of_record
TN:
SF:Model\templateModel.js
FNF:0
FNH:0
DA:1,1
DA:2,1
DA:4,1
DA:26,1
LF:4
LH:4
BRF:0
BRH:0
end_of_record
TN:
SF:Model\userModel.js
FNF:0
FNH:0
DA:1,1
DA:3,1
DA:30,1
LF:3
LH:3
BRF:0
BRH:0
end_of_record
TN:
SF:Model\websiteModel.js
FNF:0
FNH:0
DA:1,1
DA:2,1
DA:4,1
DA:26,1
LF:4
LH:4
BRF:0
BRH:0
end_of_record
TN:
SF:Router\pageRoute.js
FNF:0
FNH:0
DA:1,1
DA:2,1
DA:3,1
DA:4,1
DA:6,1
DA:8,1
DA:10,1
DA:13,1
DA:15,1
DA:16,1
LF:10
LH:10
BRF:0
BRH:0
end_of_record
TN:
SF:Router\templateRoute.js
FN:12,(anonymous_0)
FN:20,(anonymous_1)
FNF:2
FNH:2
FNDA:1,(anonymous_0)
FNDA:1,(anonymous_1)
DA:1,1
DA:2,1
DA:3,1
DA:4,1
DA:5,1
DA:6,1
DA:7,1
DA:9,1
DA:13,1
DA:19,1
DA:20,1
DA:21,1
DA:22,1
DA:23,1
DA:24,1
DA:25,1
DA:26,1
DA:27,1
DA:28,1
DA:30,0
DA:33,1
DA:34,1
DA:35,1
DA:37,1
DA:38,1
DA:39,1
LF:26
LH:25
BRF:0
BRH:0
end_of_record
TN:
SF:Router\userRoute.js
FNF:0
FNH:0
DA:2,1
DA:3,1
DA:4,1
DA:5,1
DA:6,1
DA:9,1
DA:12,1
DA:16,1
DA:17,1
DA:19,1
DA:20,1
DA:21,1
DA:25,1
DA:26,1
LF:14
LH:14
BRF:0
BRH:0
end_of_record
TN:
SF:middleware\auth.js
FN:4,Auth
FN:23,localVeriables
FNF:2
FNH:0
FNDA:0,Auth
FNDA:0,localVeriables
DA:1,1
DA:2,1
DA:5,0
DA:6,0
DA:7,0
DA:8,0
DA:11,0
DA:13,0
DA:14,0
DA:18,0
DA:19,0
DA:24,0
DA:28,0
DA:31,1
LF:14
LH:3
BRDA:7,0,0,0
BRDA:7,0,1,0
BRF:2
BRH:0
end_of_record
